
============================================================
  08_merge_annotate.py v3 — Species: Ofav
  Loaded 6,499 Pfam name mappings
============================================================

--- Parsing annotation layers ---
  Parsing eggNOG annotations...
    eggNOG: 19,606 annotations
  Parsing OrthoFinder results...
    OrthoFinder: auto-detected results dir: Results_Jun23
    OrthoFinder: detected subdirectory format (OrthoFinder v3.1.0)
    OrthoFinder: 20,793 genes with orthologs
  Parsing InterProScan results...
    InterProScan: 23,512 annotated genes
  Parsing RBH hits...
    RBH: 8,085 reciprocal best hits
  Parsing SignalP predictions...
    SignalP: 32,172 predictions
  Parsing GFF3 for genomic coordinates...
    Gene-to-protein map: 30,059 locus tag -> FASTA ID entries
    GFF3: 32,172 transcripts, 35 scaffolds
  Parsing DeepTMHMM predictions...
    DeepTMHMM: 32,155 genes, 6,864 with >=1 TM helix
  Parsing Tier 3 HMM hits...
    Tier 3 HMM: 7,123 genes with domain hits
  Parsing Tier 4 BLAST hits...
    Tier 4 BLAST: 89 genes with hits

--- Building gene universe ---
  Seeded from proteome FASTA: 32,172 genes
  Total genes: 32,172

--- Merging annotation layers ---
  Merged table: 32,172 genes × 40 columns

--- Classifying genes ---
  protein_group_secondary: 74 genes with dual roles

--- Adding derived columns ---
  best_human_gene_name: 16,705 genes
  all_go_terms: 20,179 genes
  cog_description: 18,140 genes
  annotation_status: Light=19,972 (62.1%), Partial=4,150 (12.9%), Dark=8,050 (25.0%)
  interpro_pfam_names: 21,718 genes
  isoelectric_point / MW: 32,172 genes
  Fetching KEGG pathway names...
    6891 unique KOs — using KEGG batch API (10 per call)...
    Progress: 500/6891 KOs processed...
    Progress: 1000/6891 KOs processed...
    Progress: 1500/6891 KOs processed...
    Progress: 2000/6891 KOs processed...
    Progress: 2500/6891 KOs processed...
    Progress: 3000/6891 KOs processed...
    Progress: 3500/6891 KOs processed...
    Progress: 4000/6891 KOs processed...
    Progress: 4500/6891 KOs processed...
    Progress: 5000/6891 KOs processed...
    Progress: 5500/6891 KOs processed...
    Progress: 6000/6891 KOs processed...
    Progress: 6500/6891 KOs processed...
    Mapped 4180 KOs (0 batches failed)
  kegg_pathway_names: 8,034 genes

--- Classification summary ---

Confidence tiers:
  Gold           :  7,370  (22.9%)
  Silver         :  6,052  (18.8%)
  Bronze         :  4,314  (13.4%)
  Informative    :     36  (0.1%)
  Unclassified   : 14,400  (44.8%)

Top 25 protein groups:
  Unclassified                            : 24,386
  GPCR                                    : 1,371
  ECM_Adhesion                            :   674
  Transcription_Factor                    :   608
  Kinase                                  :   590
  Calcification_Universal                 :   582
  Signalling                              :   534
  Innate_Immunity_PRR                     :   474
  Innate_Immunity_Signalling              :   447
  Ion_Channel                             :   403
  Innate_Immunity_Effector                :   356
  Symbiosis                               :   325
  Lectin_Receptor                         :   308
  AMP_Venom                               :   230
  HSP_Chaperone                           :   185
  Neuron_Neuropeptide                     :   179
  Innate_Immunity_Antiviral               :   160
  Stem_Cell_Proliferation                 :    75
  Stem_Cell_GMP                           :    71
  Calcification_IonTransport              :    63
  Tier4_SCRiP                             :    58
  Calcification_Signalling                :    55
  Tier4_SOMP                              :    15
  Tier4_Neuropep                          :    13
  Stem_Cell_HSC                           :    10

CellChat roles:
  Neither                       : 21,081
  Receptor                      :  4,014
  Receptor_candidate            :  3,969
  Ligand                        :  3,108

--- Writing master annotation table ---
  Written: /scratch/dark_genes/annotation_pipeline/runs/Ofav_20260618/08_final/Ofav_master_annotation.tsv
  Shape: 32,172 genes × 53 columns
  Columns: ['ofav_gene_id', 'eggnog_ortholog', 'eggnog_human_gene', 'eggnog_description', 'eggnog_go_terms', 'eggnog_kegg_ko', 'eggnog_kegg_pathway', 'eggnog_cog_cat', 'eggnog_pfams', 'of_orthogroup', 'of_human_ortholog', 'of_mouse_ortholog', 'of_nvec_ortholog', 'of_relationship', 'interpro_pfam', 'interpro_panther', 'interpro_go_terms', 'rbh_swissprot_acc', 'rbh_gene_name', 'rbh_pct_identity', 'rbh_evalue', 'signalp_prediction', 'signalp_prob', 'tier3_domain_hits', 'tier3_best_evalue', 'tier4_blast_hit', 'tier4_source', 'tier4_pct_identity', 'tier4_evalue', 'tier4_bitscore', 'scaffold', 'gene_start', 'gene_end', 'strand', 'gene_length_bp', 'n_exons', 'tmhmm_topology', 'tmhmm_n_tmrs', 'protein_length_aa', 'protein_sequence', 'confidence_tier', 'protein_group', 'protein_subgroup', 'protein_group_secondary', 'cellchat_role', 'best_human_gene_name', 'all_go_terms', 'cog_description', 'interpro_pfam_names', 'annotation_status', 'isoelectric_point', 'molecular_weight_kda', 'kegg_pathway_names']

--- Exporting gene lists ---
  Light_genes: 19,972 genes
  Partial_genes: 4,150 genes
  Dark_genes: 8,050 genes
  CellChat_Ligand: 3,108 genes
  CellChat_Receptor: 4,014 genes
  CellChat_Receptor_candidate: 3,969 genes

  Gene lists written: 24 functional groups
  Gene lists directory: /scratch/dark_genes/annotation_pipeline/runs/Ofav_20260618/08_final/gene_lists/

  R helper: /scratch/dark_genes/annotation_pipeline/runs/Ofav_20260618/08_final/Ofav_load_gene_lists.R

  Annotation summary: /scratch/dark_genes/annotation_pipeline/runs/Ofav_20260618/08_final/Ofav_annotation_summary.md

============================================================
  Pipeline complete for Ofav
  Master table : /scratch/dark_genes/annotation_pipeline/runs/Ofav_20260618/08_final/Ofav_master_annotation.tsv
  Gene lists   : /scratch/dark_genes/annotation_pipeline/runs/Ofav_20260618/08_final/gene_lists/
  R helper     : /scratch/dark_genes/annotation_pipeline/runs/Ofav_20260618/08_final/Ofav_load_gene_lists.R
  Summary MD   : /scratch/dark_genes/annotation_pipeline/runs/Ofav_20260618/08_final/Ofav_annotation_summary.md
  Merge log    : /scratch/dark_genes/annotation_pipeline/runs/Ofav_20260618/08_final/Ofav_merge_run.out
============================================================


--- Staging outputs to /nethome/kxw755/github_upload ---
