
============================================================
  08_merge_annotate.py v3 — Species: Amur
  Loaded 6,499 Pfam name mappings
============================================================

--- Parsing annotation layers ---
  Parsing eggNOG annotations...
    eggNOG: 30,281 annotations
  Parsing OrthoFinder results...
    OrthoFinder: auto-detected results dir: Results_Jul16
    OrthoFinder: detected subdirectory format (OrthoFinder v3.1.0)
    OrthoFinder: 27,132 genes with orthologs
  Parsing InterProScan results...
    InterProScan: 37,308 annotated genes
  Parsing RBH hits...
    RBH: 8,009 reciprocal best hits
  Parsing SignalP predictions...
    SignalP: 42,312 predictions
  Parsing GFF3 for genomic coordinates...
    Gene-to-protein map: 42,277 locus tag -> FASTA ID entries
    GFF3: 44,097 transcripts, 113 scaffolds
  Parsing DeepTMHMM predictions...
    DeepTMHMM: 42,290 genes, 10,556 with >=1 TM helix
  Parsing Tier 3 HMM hits...
    Tier 3 HMM: 12,126 genes with domain hits
  Parsing Tier 4 BLAST hits...
    Tier 4 BLAST: 128 genes with hits

--- Building gene universe ---
  Seeded from proteome FASTA: 42,312 genes
  Total genes: 42,312

--- Merging annotation layers ---
  Merged table: 42,312 genes × 40 columns

--- Classifying genes ---
  protein_group_secondary: 126 genes with dual roles

--- Adding derived columns ---
  best_human_gene_name: 22,292 genes
  all_go_terms: 31,156 genes
  cog_description: 27,757 genes
  annotation_status: Light=29,209 (69.0%), Partial=7,591 (17.9%), Dark=5,512 (13.0%)
  interpro_pfam_names: 34,328 genes
  isoelectric_point / MW: 42,312 genes
  Fetching KEGG pathway names...
    6727 unique KOs — using KEGG batch API (10 per call)...
    Progress: 500/6727 KOs processed...
    Progress: 1000/6727 KOs processed...
    Progress: 1500/6727 KOs processed...
    Progress: 2000/6727 KOs processed...
    Progress: 2500/6727 KOs processed...
    Progress: 3000/6727 KOs processed...
    Progress: 3500/6727 KOs processed...
    Progress: 4000/6727 KOs processed...
    Progress: 4500/6727 KOs processed...
    Progress: 5000/6727 KOs processed...
    Progress: 5500/6727 KOs processed...
    Progress: 6000/6727 KOs processed...
    Progress: 6500/6727 KOs processed...
    Mapped 4072 KOs (0 batches failed)
  kegg_pathway_names: 11,651 genes

--- Classification summary ---

Confidence tiers:
  Gold           :  7,317  (17.3%)
  Silver         :  9,912  (23.4%)
  Bronze         :  8,302  (19.6%)
  Informative    :     64  (0.2%)
  Unclassified   : 16,717  (39.5%)

Top 25 protein groups:
  Unclassified                            : 28,983
  GPCR                                    : 2,569
  Innate_Immunity_PRR                     : 1,386
  ECM_Adhesion                            : 1,261
  Transcription_Factor                    : 1,059
  Kinase                                  : 1,009
  Signalling                              :   876
  Innate_Immunity_Signalling              :   682
  Ion_Channel                             :   662
  Calcification_Universal                 :   660
  Lectin_Receptor                         :   558
  Symbiosis                               :   429
  Innate_Immunity_Effector                :   427
  Innate_Immunity_Antiviral               :   310
  Neuron_Neuropeptide                     :   285
  AMP_Venom                               :   281
  HSP_Chaperone                           :   239
  Stem_Cell_GMP                           :   162
  Calcification_IonTransport              :   124
  Stem_Cell_Proliferation                 :   117
  Calcification_Signalling                :    97
  Tier4_SCRiP                             :    85
  Tier4_Neuropep                          :    33
  Stem_Cell_HSC                           :    11
  Tier4_SOMP                              :     7

CellChat roles:
  Neither                       : 25,621
  Receptor                      :  7,974
  Receptor_candidate            :  4,708
  Ligand                        :  4,009

--- Writing master annotation table ---
  Written: /scratch/dark_genes/annotation_pipeline/runs/Amur_20260715/08_final/Amur_master_annotation.tsv
  Shape: 42,312 genes × 53 columns
  Columns: ['amur_gene_id', 'eggnog_ortholog', 'eggnog_human_gene', 'eggnog_description', 'eggnog_go_terms', 'eggnog_kegg_ko', 'eggnog_kegg_pathway', 'eggnog_cog_cat', 'eggnog_pfams', 'of_orthogroup', 'of_human_ortholog', 'of_mouse_ortholog', 'of_nvec_ortholog', 'of_relationship', 'interpro_pfam', 'interpro_panther', 'interpro_go_terms', 'rbh_swissprot_acc', 'rbh_gene_name', 'rbh_pct_identity', 'rbh_evalue', 'signalp_prediction', 'signalp_prob', 'tier3_domain_hits', 'tier3_best_evalue', 'tier4_blast_hit', 'tier4_source', 'tier4_pct_identity', 'tier4_evalue', 'tier4_bitscore', 'scaffold', 'gene_start', 'gene_end', 'strand', 'gene_length_bp', 'n_exons', 'tmhmm_topology', 'tmhmm_n_tmrs', 'protein_length_aa', 'protein_sequence', 'confidence_tier', 'protein_group', 'protein_subgroup', 'protein_group_secondary', 'cellchat_role', 'best_human_gene_name', 'all_go_terms', 'cog_description', 'interpro_pfam_names', 'annotation_status', 'isoelectric_point', 'molecular_weight_kda', 'kegg_pathway_names']

--- Exporting gene lists ---
  Light_genes: 29,209 genes
  Partial_genes: 7,591 genes
  Dark_genes: 5,512 genes
  CellChat_Ligand: 4,009 genes
  CellChat_Receptor: 7,974 genes
  CellChat_Receptor_candidate: 4,708 genes

  Gene lists written: 24 functional groups
  Gene lists directory: /scratch/dark_genes/annotation_pipeline/runs/Amur_20260715/08_final/gene_lists/

  R helper: /scratch/dark_genes/annotation_pipeline/runs/Amur_20260715/08_final/Amur_load_gene_lists.R

  Annotation summary: /scratch/dark_genes/annotation_pipeline/runs/Amur_20260715/08_final/Amur_annotation_summary.md

============================================================
  Pipeline complete for Amur
  Master table : /scratch/dark_genes/annotation_pipeline/runs/Amur_20260715/08_final/Amur_master_annotation.tsv
  Gene lists   : /scratch/dark_genes/annotation_pipeline/runs/Amur_20260715/08_final/gene_lists/
  R helper     : /scratch/dark_genes/annotation_pipeline/runs/Amur_20260715/08_final/Amur_load_gene_lists.R
  Summary MD   : /scratch/dark_genes/annotation_pipeline/runs/Amur_20260715/08_final/Amur_annotation_summary.md
  Merge log    : /scratch/dark_genes/annotation_pipeline/runs/Amur_20260715/08_final/Amur_merge_run.out
============================================================


--- Staging outputs to /nethome/kxw755/github_upload ---
