
============================================================
  08_merge_annotate.py v3 — Species: Amil
  Loaded 6,499 Pfam name mappings
============================================================

--- Parsing annotation layers ---
  Parsing eggNOG annotations...
    eggNOG: 18,970 annotations
  Parsing OrthoFinder results...
    OrthoFinder: auto-detected results dir: Results_Jul12
    OrthoFinder: detected subdirectory format (OrthoFinder v3.1.0)
    OrthoFinder: 19,054 genes with orthologs
  Parsing InterProScan results...
    InterProScan: 20,678 annotated genes
  Parsing RBH hits...
    RBH: 7,096 reciprocal best hits
  Parsing SignalP predictions...
    SignalP: 28,183 predictions
  Parsing GFF3 for genomic coordinates...
    Gene-to-protein map: 28,183 locus tag -> FASTA ID entries
    GFF3: 28,188 transcripts, 588 scaffolds
  Parsing DeepTMHMM predictions...
    DeepTMHMM: 28,168 genes, 3,843 with >=1 TM helix
  Parsing Tier 3 HMM hits...
    Tier 3 HMM: 4,845 genes with domain hits
  Parsing Tier 4 BLAST hits...
    Tier 4 BLAST: 52 genes with hits

--- Building gene universe ---
  Seeded from proteome FASTA: 28,183 genes
  Total genes: 28,183

--- Merging annotation layers ---
  Merged table: 28,183 genes × 40 columns

--- Classifying genes ---
  protein_group_secondary: 25 genes with dual roles

--- Adding derived columns ---
  best_human_gene_name: 14,119 genes
  all_go_terms: 15,925 genes
  cog_description: 16,417 genes
  annotation_status: Light=18,098 (64.2%), Partial=3,334 (11.8%), Dark=6,751 (24.0%)
  interpro_pfam_names: 17,654 genes
  isoelectric_point / MW: 28,183 genes
  Fetching KEGG pathway names...
    6327 unique KOs — using KEGG batch API (10 per call)...
    Progress: 500/6327 KOs processed...
    Progress: 1000/6327 KOs processed...
    Progress: 1500/6327 KOs processed...
    Progress: 2000/6327 KOs processed...
    Progress: 2500/6327 KOs processed...
    Progress: 3000/6327 KOs processed...
    Progress: 3500/6327 KOs processed...
    Progress: 4000/6327 KOs processed...
    Progress: 4500/6327 KOs processed...
    Progress: 5000/6327 KOs processed...
    Progress: 5500/6327 KOs processed...
    Progress: 6000/6327 KOs processed...
    Mapped 3832 KOs (0 batches failed)
  kegg_pathway_names: 6,189 genes

--- Classification summary ---

Confidence tiers:
  Gold           :  6,514  (23.1%)
  Silver         :  5,379  (19.1%)
  Bronze         :  2,232  (7.9%)
  Informative    :     24  (0.1%)
  Unclassified   : 14,034  (49.8%)

Top 25 protein groups:
  Unclassified                            : 23,084
  Kinase                                  :   508
  ECM_Adhesion                            :   491
  Innate_Immunity_PRR                     :   485
  Signalling                              :   415
  Transcription_Factor                    :   398
  Innate_Immunity_Signalling              :   376
  Lectin_Receptor                         :   266
  Ion_Channel                             :   262
  Calcification_Universal                 :   253
  Innate_Immunity_Effector                :   247
  Symbiosis                               :   238
  GPCR                                    :   208
  HSP_Chaperone                           :   186
  AMP_Venom                               :   179
  Neuron_Neuropeptide                     :   150
  Innate_Immunity_Antiviral               :   140
  Stem_Cell_GMP                           :    85
  Stem_Cell_Proliferation                 :    60
  Calcification_IonTransport              :    52
  Calcification_Signalling                :    43
  Tier4_SCRiP                             :    35
  Tier4_Neuropep                          :     9
  Stem_Cell_HSC                           :     7
  Tier4_SOMP                              :     6

CellChat roles:
  Neither                       : 21,487
  Receptor_candidate            :  2,669
  Receptor                      :  2,253
  Ligand                        :  1,774

--- Writing master annotation table ---
  Written: /scratch/dark_genes/annotation_pipeline/runs/Amil_20260711/08_final/Amil_master_annotation.tsv
  Shape: 28,183 genes × 53 columns
  Columns: ['amil_gene_id', 'eggnog_ortholog', 'eggnog_human_gene', 'eggnog_description', 'eggnog_go_terms', 'eggnog_kegg_ko', 'eggnog_kegg_pathway', 'eggnog_cog_cat', 'eggnog_pfams', 'of_orthogroup', 'of_human_ortholog', 'of_mouse_ortholog', 'of_nvec_ortholog', 'of_relationship', 'interpro_pfam', 'interpro_panther', 'interpro_go_terms', 'rbh_swissprot_acc', 'rbh_gene_name', 'rbh_pct_identity', 'rbh_evalue', 'signalp_prediction', 'signalp_prob', 'tier3_domain_hits', 'tier3_best_evalue', 'tier4_blast_hit', 'tier4_source', 'tier4_pct_identity', 'tier4_evalue', 'tier4_bitscore', 'scaffold', 'gene_start', 'gene_end', 'strand', 'gene_length_bp', 'n_exons', 'tmhmm_topology', 'tmhmm_n_tmrs', 'protein_length_aa', 'protein_sequence', 'confidence_tier', 'protein_group', 'protein_subgroup', 'protein_group_secondary', 'cellchat_role', 'best_human_gene_name', 'all_go_terms', 'cog_description', 'interpro_pfam_names', 'annotation_status', 'isoelectric_point', 'molecular_weight_kda', 'kegg_pathway_names']

--- Exporting gene lists ---
  Light_genes: 18,098 genes
  Partial_genes: 3,334 genes
  Dark_genes: 6,751 genes
  CellChat_Ligand: 1,774 genes
  CellChat_Receptor: 2,253 genes
  CellChat_Receptor_candidate: 2,669 genes

  Gene lists written: 24 functional groups
  Gene lists directory: /scratch/dark_genes/annotation_pipeline/runs/Amil_20260711/08_final/gene_lists/

  R helper: /scratch/dark_genes/annotation_pipeline/runs/Amil_20260711/08_final/Amil_load_gene_lists.R

  Annotation summary: /scratch/dark_genes/annotation_pipeline/runs/Amil_20260711/08_final/Amil_annotation_summary.md

============================================================
  Pipeline complete for Amil
  Master table : /scratch/dark_genes/annotation_pipeline/runs/Amil_20260711/08_final/Amil_master_annotation.tsv
  Gene lists   : /scratch/dark_genes/annotation_pipeline/runs/Amil_20260711/08_final/gene_lists/
  R helper     : /scratch/dark_genes/annotation_pipeline/runs/Amil_20260711/08_final/Amil_load_gene_lists.R
  Summary MD   : /scratch/dark_genes/annotation_pipeline/runs/Amil_20260711/08_final/Amil_annotation_summary.md
  Merge log    : /scratch/dark_genes/annotation_pipeline/runs/Amil_20260711/08_final/Amil_merge_run.out
============================================================


--- Staging outputs to /nethome/kxw755/github_upload ---
